<?xml version="1.0" encoding="UTF-8"?>
<!-- Generated by org.testng.reporters.JUnitXMLReporter -->
<testsuite ignored="0" hostname="INBOOK_X1_SLIM" failures="0" tests="14" name="Default test" time="19.508" errors="0" timestamp="2024-08-06T01:27:16 IST">
  <testcase classname="cromePackage.priceAverage" name="invokeBrowser" time="7.617"/>
  <testcase classname="cromePackage.priceAverage" name="searchRefrigerator" time="7.626"/>
  <testcase classname="cromePackage.priceAverage" name="filter" time="0.28"/>
  <testcase classname="cromePackage.priceAverage" name="getPriceOf10Product" time="0.246"/>
  <testcase classname="cromePackage.priceAverage" name="getPriceOf1Product" time="0.08"/>
  <testcase classname="cromePackage.priceAverage" name="getPriceOf2Product" time="0.039"/>
  <testcase classname="cromePackage.priceAverage" name="getPriceOf3Product" time="0.035"/>
  <testcase classname="cromePackage.priceAverage" name="getPriceOf4Product" time="0.051"/>
  <testcase classname="cromePackage.priceAverage" name="getPriceOf5Product" time="0.054"/>
  <testcase classname="cromePackage.priceAverage" name="getPriceOf6Product" time="0.048"/>
  <testcase classname="cromePackage.priceAverage" name="getPriceOf7Product" time="0.044"/>
  <testcase classname="cromePackage.priceAverage" name="getPriceOf8Product" time="0.059"/>
  <testcase classname="cromePackage.priceAverage" name="getPriceOf9Product" time="0.057"/>
  <testcase classname="cromePackage.priceAverage" name="Average" time="0.003"/>
</testsuite> <!-- Default test -->
