<?xml version="1.0" encoding="UTF-8"?>
<!-- Generated by org.testng.reporters.JUnitXMLReporter -->
<testsuite ignored="0" hostname="INBOOK_X1_SLIM" failures="0" tests="14" name="Default test" time="16.708" errors="0" timestamp="2024-08-06T01:48:48 IST">
  <testcase classname="cromePackage.priceAverage" name="invokeBrowser" time="6.962"/>
  <testcase classname="cromePackage.priceAverage" name="searchRefrigerator" time="5.338"/>
  <testcase classname="cromePackage.priceAverage" name="filter" time="0.761"/>
  <testcase classname="cromePackage.priceAverage" name="getPriceOf10Product" time="0.108"/>
  <testcase classname="cromePackage.priceAverage" name="getPriceOf1Product" time="0.103"/>
  <testcase classname="cromePackage.priceAverage" name="getPriceOf2Product" time="0.079"/>
  <testcase classname="cromePackage.priceAverage" name="getPriceOf3Product" time="0.068"/>
  <testcase classname="cromePackage.priceAverage" name="getPriceOf4Product" time="0.069"/>
  <testcase classname="cromePackage.priceAverage" name="getPriceOf5Product" time="0.071"/>
  <testcase classname="cromePackage.priceAverage" name="getPriceOf6Product" time="0.386"/>
  <testcase classname="cromePackage.priceAverage" name="getPriceOf7Product" time="0.148"/>
  <testcase classname="cromePackage.priceAverage" name="getPriceOf8Product" time="0.07"/>
  <testcase classname="cromePackage.priceAverage" name="getPriceOf9Product" time="0.122"/>
  <testcase classname="cromePackage.priceAverage" name="Average" time="0.002"/>
</testsuite> <!-- Default test -->
